# JRE version: OpenJDK Runtime Environment (8.0_151-b12) (build 1.8.0_151-8u151-b12-0ubuntu0.16.04.2-b12)
# Java VM: OpenJDK 64-Bit Server VM (25.151-b12 mixed mode linux-amd64 compressed oops)
Heap:
 PSYoungGen      total 135680K, used 9205K [0x00000000eb700000, 0x00000000f4500000, 0x0000000100000000)
  eden space 126464K, 0% used [0x00000000eb700000,0x00000000eb700000,0x00000000f3280000)
  from space 9216K, 99% used [0x00000000f3280000,0x00000000f3b7d578,0x00000000f3b80000)
  to   space 8704K, 0% used [0x00000000f3b80000,0x00000000f3b80000,0x00000000f4400000)
 ParOldGen       total 45568K, used 21838K [0x00000000c2400000, 0x00000000c5080000, 0x00000000eb700000)
  object space 45568K, 47% used [0x00000000c2400000,0x00000000c3953998,0x00000000c5080000)
 Metaspace       used 24591K, capacity 25216K, committed 25520K, reserved 1071104K
  class space    used 2775K, capacity 2895K, committed 2992K, reserved 1048576K
GC Heap History (10 events):
Event: 1,535 GC heap after
Heap after GC invocations=3 (full 0):
 PSYoungGen      total 34304K, used 2544K [0x00000000eb700000, 0x00000000efa00000, 0x0000000100000000)
  eden space 31744K, 0% used [0x00000000eb700000,0x00000000eb700000,0x00000000ed600000)
  from space 2560K, 99% used [0x00000000ed600000,0x00000000ed87c010,0x00000000ed880000)
  to   space 2560K, 0% used [0x00000000ef780000,0x00000000ef780000,0x00000000efa00000)
 ParOldGen       total 42496K, used 4183K [0x00000000c2400000, 0x00000000c4d80000, 0x00000000eb700000)
  object space 42496K, 9% used [0x00000000c2400000,0x00000000c2815e10,0x00000000c4d80000)
 Metaspace       used 10951K, capacity 11094K, committed 11264K, reserved 1058816K
  class space    used 1341K, capacity 1443K, committed 1536K, reserved 1048576K
}
Event: 2,059 GC heap before
{Heap before GC invocations=4 (full 0):
 PSYoungGen      total 34304K, used 34288K [0x00000000eb700000, 0x00000000efa00000, 0x0000000100000000)
  eden space 31744K, 100% used [0x00000000eb700000,0x00000000ed600000,0x00000000ed600000)
  from space 2560K, 99% used [0x00000000ed600000,0x00000000ed87c010,0x00000000ed880000)
  to   space 2560K, 0% used [0x00000000ef780000,0x00000000ef780000,0x00000000efa00000)
 ParOldGen       total 42496K, used 4183K [0x00000000c2400000, 0x00000000c4d80000, 0x00000000eb700000)
  object space 42496K, 9% used [0x00000000c2400000,0x00000000c2815e10,0x00000000c4d80000)
 Metaspace       used 13548K, capacity 13710K, committed 13824K, reserved 1060864K
  class space    used 1661K, capacity 1735K, committed 1792K, reserved 1048576K
Event: 2,069 GC heap after
Heap after GC invocations=4 (full 0):
 PSYoungGen      total 66048K, used 2560K [0x00000000eb700000, 0x00000000efa00000, 0x0000000100000000)
  eden space 63488K, 0% used [0x00000000eb700000,0x00000000eb700000,0x00000000ef500000)
  from space 2560K, 100% used [0x00000000ef780000,0x00000000efa00000,0x00000000efa00000)
  to   space 2560K, 0% used [0x00000000ef500000,0x00000000ef500000,0x00000000ef780000)
 ParOldGen       total 42496K, used 6810K [0x00000000c2400000, 0x00000000c4d80000, 0x00000000eb700000)
  object space 42496K, 16% used [0x00000000c2400000,0x00000000c2aa6b10,0x00000000c4d80000)
 Metaspace       used 13548K, capacity 13710K, committed 13824K, reserved 1060864K
  class space    used 1661K, capacity 1735K, committed 1792K, reserved 1048576K
}
Event: 3,803 GC heap before
{Heap before GC invocations=5 (full 0):
 PSYoungGen      total 66048K, used 66048K [0x00000000eb700000, 0x00000000efa00000, 0x0000000100000000)
  eden space 63488K, 100% used [0x00000000eb700000,0x00000000ef500000,0x00000000ef500000)
  from space 2560K, 100% used [0x00000000ef780000,0x00000000efa00000,0x00000000efa00000)
  to   space 2560K, 0% used [0x00000000ef500000,0x00000000ef500000,0x00000000ef780000)
 ParOldGen       total 42496K, used 6810K [0x00000000c2400000, 0x00000000c4d80000, 0x00000000eb700000)
  object space 42496K, 16% used [0x00000000c2400000,0x00000000c2aa6b10,0x00000000c4d80000)
 Metaspace       used 16884K, capacity 17190K, committed 17536K, reserved 1064960K
  class space    used 1982K, capacity 2087K, committed 2176K, reserved 1048576K
Event: 3,816 GC heap after
Heap after GC invocations=5 (full 0):
 PSYoungGen      total 66048K, used 2544K [0x00000000eb700000, 0x00000000f4400000, 0x0000000100000000)
  eden space 63488K, 0% used [0x00000000eb700000,0x00000000eb700000,0x00000000ef500000)
  from space 2560K, 99% used [0x00000000ef500000,0x00000000ef77c010,0x00000000ef780000)
  to   space 8704K, 0% used [0x00000000f3b80000,0x00000000f3b80000,0x00000000f4400000)
 ParOldGen       total 42496K, used 11902K [0x00000000c2400000, 0x00000000c4d80000, 0x00000000eb700000)
  object space 42496K, 28% used [0x00000000c2400000,0x00000000c2f9fa60,0x00000000c4d80000)
 Metaspace       used 16884K, capacity 17190K, committed 17536K, reserved 1064960K
  class space    used 1982K, capacity 2087K, committed 2176K, reserved 1048576K
}
Event: 5,233 GC heap before
{Heap before GC invocations=6 (full 0):
 PSYoungGen      total 66048K, used 62891K [0x00000000eb700000, 0x00000000f4400000, 0x0000000100000000)
  eden space 63488K, 95% used [0x00000000eb700000,0x00000000ef1eeda0,0x00000000ef500000)
  from space 2560K, 99% used [0x00000000ef500000,0x00000000ef77c010,0x00000000ef780000)
  to   space 8704K, 0% used [0x00000000f3b80000,0x00000000f3b80000,0x00000000f4400000)
 ParOldGen       total 42496K, used 11902K [0x00000000c2400000, 0x00000000c4d80000, 0x00000000eb700000)
  object space 42496K, 28% used [0x00000000c2400000,0x00000000c2f9fa60,0x00000000c4d80000)
 Metaspace       used 20727K, capacity 21198K, committed 21296K, reserved 1069056K
  class space    used 2452K, capacity 2566K, committed 2608K, reserved 1048576K
Event: 5,253 GC heap after
Heap after GC invocations=6 (full 0):
 PSYoungGen      total 135168K, used 6311K [0x00000000eb700000, 0x00000000f4500000, 0x0000000100000000)
  eden space 126464K, 0% used [0x00000000eb700000,0x00000000eb700000,0x00000000f3280000)
  from space 8704K, 72% used [0x00000000f3b80000,0x00000000f41a9e50,0x00000000f4400000)
  to   space 9216K, 0% used [0x00000000f3280000,0x00000000f3280000,0x00000000f3b80000)
 ParOldGen       total 42496K, used 11902K [0x00000000c2400000, 0x00000000c4d80000, 0x00000000eb700000)
  object space 42496K, 28% used [0x00000000c2400000,0x00000000c2f9fa60,0x00000000c4d80000)
 Metaspace       used 20727K, capacity 21198K, committed 21296K, reserved 1069056K
  class space    used 2452K, capacity 2566K, committed 2608K, reserved 1048576K
}
Event: 5,253 GC heap before
{Heap before GC invocations=7 (full 1):
 PSYoungGen      total 135168K, used 6311K [0x00000000eb700000, 0x00000000f4500000, 0x0000000100000000)
  eden space 126464K, 0% used [0x00000000eb700000,0x00000000eb700000,0x00000000f3280000)
  from space 8704K, 72% used [0x00000000f3b80000,0x00000000f41a9e50,0x00000000f4400000)
  to   space 9216K, 0% used [0x00000000f3280000,0x00000000f3280000,0x00000000f3b80000)
 ParOldGen       total 42496K, used 11902K [0x00000000c2400000, 0x00000000c4d80000, 0x00000000eb700000)
  object space 42496K, 28% used [0x00000000c2400000,0x00000000c2f9fa60,0x00000000c4d80000)
 Metaspace       used 20727K, capacity 21198K, committed 21296K, reserved 1069056K
  class space    used 2452K, capacity 2566K, committed 2608K, reserved 1048576K
Event: 5,361 GC heap after
Heap after GC invocations=7 (full 1):
 PSYoungGen      total 135168K, used 0K [0x00000000eb700000, 0x00000000f4500000, 0x0000000100000000)
  eden space 126464K, 0% used [0x00000000eb700000,0x00000000eb700000,0x00000000f3280000)
  from space 8704K, 0% used [0x00000000f3b80000,0x00000000f3b80000,0x00000000f4400000)
  to   space 9216K, 0% used [0x00000000f3280000,0x00000000f3280000,0x00000000f3b80000)
 ParOldGen       total 45568K, used 14492K [0x00000000c2400000, 0x00000000c5080000, 0x00000000eb700000)
  object space 45568K, 31% used [0x00000000c2400000,0x00000000c3227210,0x00000000c5080000)
 Metaspace       used 20727K, capacity 21198K, committed 21296K, reserved 1069056K
  class space    used 2452K, capacity 2566K, committed 2608K, reserved 1048576K
}
Event: 7,506 GC heap before
{Heap before GC invocations=8 (full 1):
 PSYoungGen      total 135168K, used 126464K [0x00000000eb700000, 0x00000000f4500000, 0x0000000100000000)
  eden space 126464K, 100% used [0x00000000eb700000,0x00000000f3280000,0x00000000f3280000)
  from space 8704K, 0% used [0x00000000f3b80000,0x00000000f3b80000,0x00000000f4400000)
  to   space 9216K, 0% used [0x00000000f3280000,0x00000000f3280000,0x00000000f3b80000)
 ParOldGen       total 45568K, used 14492K [0x00000000c2400000, 0x00000000c5080000, 0x00000000eb700000)
  object space 45568K, 31% used [0x00000000c2400000,0x00000000c3227210,0x00000000c5080000)
 Metaspace       used 24591K, capacity 25216K, committed 25520K, reserved 1071104K
  class space    used 2775K, capacity 2895K, committed 2992K, reserved 1048576K

